
=== Tue Nov  7 12:15:43 2023

Packages were changed.
Update Mode: updateDependencies

The following packages were updated:
  com.unity.collab-proxy from version 1.15.18 to 2.2.0
  com.unity.ide.rider from version 3.0.15 to 3.0.25
  com.unity.ide.visualstudio from version 2.0.16 to 2.0.21
  com.unity.probuilder from version 5.0.7 to 5.2.0
  com.unity.render-pipelines.universal from version 12.1.7 to 12.1.13
  com.unity.test-framework from version 1.1.31 to 1.1.33
  com.unity.timeline from version 1.6.4 to 1.6.5
  com.unity.visualscripting from version 1.7.8 to 1.9.1

=== Tue Nov  7 12:41:59 2023

Packages were changed.
Update Mode: updateDependencies

The following packages were added:
  com.unity.ai.navigation@1.1.4
The following packages were updated:
  com.unity.render-pipelines.universal from version 12.1.13 to 14.0.8
  com.unity.timeline from version 1.6.5 to 1.7.5
